<?xml version="1.0" encoding="UTF-8" ?>
<testsuite tests="1" failures="0" name="com.bbva.pzic.products.proposals.dao.model.ppcutge1_1.TestTransaccionPpcutge1_1" time="0.568" errors="0" skipped="0">
  <properties>
    <property name="java.runtime.name" value="Java(TM) SE Runtime Environment"/>
    <property name="sun.boot.library.path" value="D:\ASOWorkTools\Tools\jdk-8u131-windows-x64\jre\bin"/>
    <property name="java.vm.version" value="25.131-b11"/>
    <property name="java.vm.vendor" value="Oracle Corporation"/>
    <property name="java.vendor.url" value="http://java.oracle.com/"/>
    <property name="path.separator" value=";"/>
    <property name="java.vm.name" value="Java HotSpot(TM) 64-Bit Server VM"/>
    <property name="file.encoding.pkg" value="sun.io"/>
    <property name="user.script" value=""/>
    <property name="user.country" value="PE"/>
    <property name="sun.java.launcher" value="SUN_STANDARD"/>
    <property name="sun.os.patch.level" value=""/>
    <property name="java.vm.specification.name" value="Java Virtual Machine Specification"/>
    <property name="user.dir" value="S:\Development\SARrc_Projects\pzic\prueba-proposals"/>
    <property name="java.runtime.version" value="1.8.0_131-b11"/>
    <property name="java.awt.graphicsenv" value="sun.awt.Win32GraphicsEnvironment"/>
    <property name="basedir" value="S:\Development\SARrc_Projects\pzic\prueba-proposals"/>
    <property name="java.endorsed.dirs" value="D:\ASOWorkTools\Tools\jdk-8u131-windows-x64\jre\lib\endorsed"/>
    <property name="os.arch" value="amd64"/>
    <property name="surefire.real.class.path" value="S:\Development\SARrc_Projects\pzic\prueba-proposals\target\surefire\surefirebooter1413446642302436887.jar;D:\\ASOWorkTools\\M2_REPO\\org\\jacoco\\org.jacoco.agent\\0.7.9\\org.jacoco.agent-0.7.9-runtime.jar"/>
    <property name="java.io.tmpdir" value="C:\Users\user\AppData\Local\Temp\"/>
    <property name="line.separator" value="
"/>
    <property name="java.vm.specification.vendor" value="Oracle Corporation"/>
    <property name="user.variant" value=""/>
    <property name="os.name" value="Windows 10"/>
    <property name="sun.jnu.encoding" value="Cp1252"/>
    <property name="java.library.path" value="D:\ASOWorkTools\Tools\jdk-8u131-windows-x64\jre\bin;C:\WINDOWS\Sun\Java\bin;C:\WINDOWS\system32;C:\WINDOWS;C:\Program Files (x86)\Common Files\Oracle\Java\javapath;C:\Windows\system32;C:\Windows;C:\Windows\System32\Wbem;C:\Windows\System32\WindowsPowerShell\v1.0\;C:\Windows\System32\OpenSSH\;C:\Program Files (x86)\NVIDIA Corporation\PhysX\Common;C:\Program Files\NVIDIA Corporation\NVIDIA NvDLISR;C:\Program Files\Git\cmd;C:\WINDOWS\system32;C:\WINDOWS;C:\WINDOWS\System32\Wbem;C:\WINDOWS\System32\WindowsPowerShell\v1.0\;C:\WINDOWS\System32\OpenSSH\;D:\ASOWorkTools\Tools\jdk-8u131-windows-x64\bin;D:\ASOWorkTools\Tools\apache-maven-3.8.2\bin;S:\Tools\apache-maven-3.8.2\bin;C:\Program Files (x86)\Common Files\Oracle\Java\javapath;C:\Windows\system32;C:\Windows;C:\Windows\System32\Wbem;C:\Windows\System32\WindowsPowerShell\v1.0\;C:\Windows\System32\OpenSSH\;C:\Program Files (x86)\NVIDIA Corporation\PhysX\Common;C:\Program Files\NVIDIA Corporation\NVIDIA NvDLISR;C:\Program Files\Git\cmd;C:\WINDOWS\system32;C:\WINDOWS;C:\WINDOWS\System32\Wbem;C:\WINDOWS\System32\WindowsPowerShell\v1.0\;C:\WINDOWS\System32\OpenSSH\;C:\Users\user\AppData\Local\Microsoft\WindowsApps;;."/>
    <property name="surefire.test.class.path" value="S:\Development\SARrc_Projects\pzic\prueba-proposals\target\test-classes;S:\Development\SARrc_Projects\pzic\prueba-proposals\target\classes;D:\ASOWorkTools\M2_REPO\com\bbva\pzic\routine\processing\data\pzic_data-processing-executor-rm\1.0.0\pzic_data-processing-executor-rm-1.0.0.jar;D:\ASOWorkTools\M2_REPO\com\bbva\pzic\routine\processing\data\pzic_data-modifier-rm\1.0.0\pzic_data-modifier-rm-1.0.0.jar;D:\ASOWorkTools\M2_REPO\com\bbva\pzic\routine\crypto\pzic_crypto-rm\1.0.0\pzic_crypto-rm-1.0.0.jar;D:\ASOWorkTools\M2_REPO\com\bbva\secarq\caas\caas-client\2.0.8\caas-client-2.0.8.jar;D:\ASOWorkTools\M2_REPO\com\bbva\secarq\caas\caas-engine\2.0.8\caas-engine-2.0.8.jar;D:\ASOWorkTools\M2_REPO\com\bbva\secarq\caas\caas-secret\2.0.8\caas-secret-2.0.8.jar;D:\ASOWorkTools\M2_REPO\com\google\code\gson\gson\2.6.2\gson-2.6.2.jar;D:\ASOWorkTools\M2_REPO\com\bettercloud\vault-java-driver\1.1.0\vault-java-driver-1.1.0.jar;D:\ASOWorkTools\M2_REPO\com\google\inject\guice\4.1.0\guice-4.1.0.jar;D:\ASOWorkTools\M2_REPO\javax\inject\javax.inject\1\javax.inject-1.jar;D:\ASOWorkTools\M2_REPO\org\apache\httpcomponents\httpcore\4.4.6\httpcore-4.4.6.jar;D:\ASOWorkTools\M2_REPO\com\bbva\pzic\routine\finger-print-validator\pzic_finger-print-validator-rm\1.0.0\pzic_finger-print-validator-rm-1.0.0.jar;D:\ASOWorkTools\M2_REPO\com\bbva\pzic\routine\behavioralbiometricsvalidator\pzic_behavioral-biometrics-validator-rm\1.0.0\pzic_behavioral-biometrics-validator-rm-1.0.0.jar;D:\ASOWorkTools\M2_REPO\com\bbva\jee\arq\spring\integraciones\securitydummy\5.7.5.6\securitydummy-5.7.5.6.jar;D:\ASOWorkTools\M2_REPO\com\bbva\jee\arq\spring\integraciones\mocking\5.4.0.0\mocking-5.4.0.0.jar;D:\ASOWorkTools\M2_REPO\com\bbva\pzic\routine\configuration\pzic_configuration-rm\1.0.0\pzic_configuration-rm-1.0.0.jar;D:\ASOWorkTools\M2_REPO\commons-logging\commons-logging\1.2\commons-logging-1.2.jar;D:\ASOWorkTools\M2_REPO\com\bbva\pzic\routine\configuration\impl\pzic_test-configuration-rm\1.0.0\pzic_test-configuration-rm-1.0.0.jar;D:\ASOWorkTools\M2_REPO\com\bbva\pzic\routine\validator\pzic_validator-rm\1.0.0\pzic_validator-rm-1.0.0.jar;D:\ASOWorkTools\M2_REPO\com\bbva\pzic\routine\commons\utils\pzic_commons-utils-rm\1.0.0\pzic_commons-utils-rm-1.0.0.jar;D:\ASOWorkTools\M2_REPO\com\bbva\pzic\routine\translator\pzic_translator-rm\1.0.0\pzic_translator-rm-1.0.0.jar;D:\ASOWorkTools\M2_REPO\javax\mail\mail\1.4.1\mail-1.4.1.jar;D:\ASOWorkTools\M2_REPO\javax\activation\activation\1.1\activation-1.1.jar;D:\ASOWorkTools\M2_REPO\com\bbva\jee\arq\spring\core\arq-spring-backend-transport-rest\5.7.4.0\arq-spring-backend-transport-rest-5.7.4.0.jar;D:\ASOWorkTools\M2_REPO\org\glassfish\jersey\core\jersey-client\2.27\jersey-client-2.27.jar;D:\ASOWorkTools\M2_REPO\org\glassfish\jersey\core\jersey-common\2.27\jersey-common-2.27.jar;D:\ASOWorkTools\M2_REPO\org\glassfish\hk2\osgi-resource-locator\1.0.1\osgi-resource-locator-1.0.1.jar;D:\ASOWorkTools\M2_REPO\org\glassfish\hk2\external\javax.inject\2.5.0-b42\javax.inject-2.5.0-b42.jar;D:\ASOWorkTools\M2_REPO\org\glassfish\jersey\media\jersey-media-multipart\2.27\jersey-media-multipart-2.27.jar;D:\ASOWorkTools\M2_REPO\org\jvnet\mimepull\mimepull\1.9.6\mimepull-1.9.6.jar;D:\ASOWorkTools\M2_REPO\org\glassfish\jersey\media\jersey-media-json-jackson\2.27\jersey-media-json-jackson-2.27.jar;D:\ASOWorkTools\M2_REPO\org\glassfish\jersey\ext\jersey-entity-filtering\2.27\jersey-entity-filtering-2.27.jar;D:\ASOWorkTools\M2_REPO\org\glassfish\jersey\connectors\jersey-apache-connector\2.27\jersey-apache-connector-2.27.jar;D:\ASOWorkTools\M2_REPO\org\apache\httpcomponents\httpclient\4.5\httpclient-4.5.jar;D:\ASOWorkTools\M2_REPO\com\bbva\secarq\caas2\caasext-channel-infrastructure-seg\1.1.0\caasext-channel-infrastructure-seg-1.1.0.jar;D:\ASOWorkTools\M2_REPO\com\nimbusds\nimbus-jose-jwt\4.26\nimbus-jose-jwt-4.26.jar;D:\ASOWorkTools\M2_REPO\com\github\stephenc\jcip\jcip-annotations\1.0-1\jcip-annotations-1.0-1.jar;D:\ASOWorkTools\M2_REPO\net\minidev\json-smart\1.3.1\json-smart-1.3.1.jar;D:\ASOWorkTools\M2_REPO\commons-io\commons-io\2.5\commons-io-2.5.jar;D:\ASOWorkTools\M2_REPO\org\bouncycastle\bcprov-jdk15on\1.59\bcprov-jdk15on-1.59.jar;D:\ASOWorkTools\M2_REPO\org\bouncycastle\bcpkix-jdk15on\1.59\bcpkix-jdk15on-1.59.jar;D:\ASOWorkTools\M2_REPO\com\bbva\secarq\caas2\caascore-channel-infrastructure-seg\1.0.11\caascore-channel-infrastructure-seg-1.0.11.jar;D:\ASOWorkTools\M2_REPO\org\slf4j\jcl-over-slf4j\1.7.30\jcl-over-slf4j-1.7.30.jar;D:\ASOWorkTools\M2_REPO\org\slf4j\slf4j-api\1.7.30\slf4j-api-1.7.30.jar;D:\ASOWorkTools\M2_REPO\org\slf4j\slf4j-log4j12\1.7.30\slf4j-log4j12-1.7.30.jar;D:\ASOWorkTools\M2_REPO\log4j\log4j\1.2.17\log4j-1.2.17.jar;D:\ASOWorkTools\M2_REPO\com\bbva\jee\arq\spring\core\arq-spring-servicing-core\5.7.5.16\arq-spring-servicing-core-5.7.5.16.jar;D:\ASOWorkTools\M2_REPO\com\bbva\jee\arq\spring\core\arq-spring-monitoring\5.7.5.1\arq-spring-monitoring-5.7.5.1.jar;D:\ASOWorkTools\M2_REPO\org\apache\geronimo\specs\geronimo-commonj_1.1_spec\1.0\geronimo-commonj_1.1_spec-1.0.jar;D:\ASOWorkTools\M2_REPO\com\rabbitmq\amqp-client\3.3.5\amqp-client-3.3.5.jar;D:\ASOWorkTools\M2_REPO\com\bbva\jee\arq\spring\core\arq-spring-servicing-fraud\5.3.1.0\arq-spring-servicing-fraud-5.3.1.0.jar;D:\ASOWorkTools\M2_REPO\com\bbva\jee\arq\spring\core\arq-spring-connector-crypto\5.7.5.10\arq-spring-connector-crypto-5.7.5.10.jar;D:\ASOWorkTools\M2_REPO\com\bbva\jee\arq\spring\core\arq-spring-connector-rest\5.7.5.13\arq-spring-connector-rest-5.7.5.13.jar;D:\ASOWorkTools\M2_REPO\com\bbva\jee\arq\spring\core\arq-spring-servicing-utils\5.5.1.2\arq-spring-servicing-utils-5.5.1.2.jar;D:\ASOWorkTools\M2_REPO\org\apache\httpcomponents\httpmime\4.5.5\httpmime-4.5.5.jar;D:\ASOWorkTools\M2_REPO\com\google\api-client\google-api-client\1.18.0-rc\google-api-client-1.18.0-rc.jar;D:\ASOWorkTools\M2_REPO\com\google\oauth-client\google-oauth-client\1.18.0-rc\google-oauth-client-1.18.0-rc.jar;D:\ASOWorkTools\M2_REPO\com\google\http-client\google-http-client-jackson2\1.18.0-rc\google-http-client-jackson2-1.18.0-rc.jar;D:\ASOWorkTools\M2_REPO\com\google\http-client\google-http-client\1.18.0-rc\google-http-client-1.18.0-rc.jar;D:\ASOWorkTools\M2_REPO\commons-httpclient\commons-httpclient\3.1\commons-httpclient-3.1.jar;D:\ASOWorkTools\M2_REPO\com\bbva\jee\arq\spring\integraciones\caasdummy\5.7.0.0\caasdummy-5.7.0.0.jar;D:\ASOWorkTools\M2_REPO\com\bbva\jee\arq\spring\core\arq-spring-connector-upsilon\5.7.4.0\arq-spring-connector-upsilon-5.7.4.0.jar;D:\ASOWorkTools\M2_REPO\com\bbva\jee\arq\spring\integraciones\sendsmsdummy\5.0.4\sendsmsdummy-5.0.4.jar;D:\ASOWorkTools\M2_REPO\com\bbva\infrastructure\multichannel\api\multi-channel-infrastructure-api\5.6.0.1\multi-channel-infrastructure-api-5.6.0.1.jar;D:\ASOWorkTools\M2_REPO\com\bbva\jee\arq\spring\core\arq-spring-utils\5.7.5.15\arq-spring-utils-5.7.5.15.jar;D:\ASOWorkTools\M2_REPO\com\bbva\jee\arqasotools\arq-aso-tools\1.0.0\arq-aso-tools-1.0.0.jar;D:\ASOWorkTools\M2_REPO\de\schlichtherle\truelicense\truelicense-core\1.33\truelicense-core-1.33.jar;D:\ASOWorkTools\M2_REPO\de\schlichtherle\truelicense\truelicense-xml\1.33\truelicense-xml-1.33.jar;D:\ASOWorkTools\M2_REPO\com\thoughtworks\xstream\xstream\1.3.1\xstream-1.3.1.jar;D:\ASOWorkTools\M2_REPO\xpp3\xpp3_min\1.1.4c\xpp3_min-1.1.4c.jar;D:\ASOWorkTools\M2_REPO\cglib\cglib-nodep\2.2\cglib-nodep-2.2.jar;D:\ASOWorkTools\M2_REPO\org\springframework\spring-jdbc\5.0.4.RELEASE\spring-jdbc-5.0.4.RELEASE.jar;D:\ASOWorkTools\M2_REPO\org\springframework\spring-oxm\5.0.4.RELEASE\spring-oxm-5.0.4.RELEASE.jar;D:\ASOWorkTools\M2_REPO\org\springframework\spring-context-support\5.0.4.RELEASE\spring-context-support-5.0.4.RELEASE.jar;D:\ASOWorkTools\M2_REPO\org\springframework\hateoas\spring-hateoas\0.25.1.RELEASE\spring-hateoas-0.25.1.RELEASE.jar;D:\ASOWorkTools\M2_REPO\org\springframework\spring-webmvc\4.3.22.RELEASE\spring-webmvc-4.3.22.RELEASE.jar;D:\ASOWorkTools\M2_REPO\com\googlecode\ehcache-spring-annotations\ehcache-spring-annotations\1.2.0\ehcache-spring-annotations-1.2.0.jar;D:\ASOWorkTools\M2_REPO\aopalliance\aopalliance\1.0\aopalliance-1.0.jar;D:\ASOWorkTools\M2_REPO\net\sf\ehcache\ehcache-core\2.4.5\ehcache-core-2.4.5.jar;D:\ASOWorkTools\M2_REPO\org\mapstruct\mapstruct-jdk8\1.2.0.Final\mapstruct-jdk8-1.2.0.Final.jar;D:\ASOWorkTools\M2_REPO\com\ibm\mq\7.0.1.7\mq-7.0.1.7.jar;D:\ASOWorkTools\M2_REPO\com\ibm\mqjms\7.0.1.7\mqjms-7.0.1.7.jar;D:\ASOWorkTools\M2_REPO\com\ibm\disthub2\dhbcore\7.0.1.7\dhbcore-7.0.1.7.jar;D:\ASOWorkTools\M2_REPO\com\ibm\mq\jmqi\7.0.1.7\jmqi-7.0.1.7.jar;D:\ASOWorkTools\M2_REPO\com\ibm\mq\headers\7.0.1.7\headers-7.0.1.7.jar;D:\ASOWorkTools\M2_REPO\com\ibm\mq\commonservices\7.0.1.7\commonservices-7.0.1.7.jar;D:\ASOWorkTools\M2_REPO\com\ibm\connector\1.3.0\connector-1.3.0.jar;D:\ASOWorkTools\M2_REPO\org\apache\cxf\cxf-rt-features-clustering\3.2.4\cxf-rt-features-clustering-3.2.4.jar;D:\ASOWorkTools\M2_REPO\org\apache\cxf\cxf-rt-rs-service-description\3.2.4\cxf-rt-rs-service-description-3.2.4.jar;D:\ASOWorkTools\M2_REPO\org\apache\cxf\cxf-rt-rs-client\3.2.4\cxf-rt-rs-client-3.2.4.jar;D:\ASOWorkTools\M2_REPO\commons-pool\commons-pool\1.5.6\commons-pool-1.5.6.jar;D:\ASOWorkTools\M2_REPO\commons-dbcp\commons-dbcp\1.3\commons-dbcp-1.3.jar;D:\ASOWorkTools\M2_REPO\commons-configuration\commons-configuration\1.8\commons-configuration-1.8.jar;D:\ASOWorkTools\M2_REPO\com\hazelcast\hazelcast-all\3.10.2\hazelcast-all-3.10.2.jar;D:\ASOWorkTools\M2_REPO\com\bbva\jee\arq\spring\cas\api\arq-spring-servicing-cas-api\5.4.0.0\arq-spring-servicing-cas-api-5.4.0.0.jar;D:\ASOWorkTools\M2_REPO\com\bbva\jee\arq\spring\core\arq-spring-core-api\5.7.5.12\arq-spring-core-api-5.7.5.12.jar;D:\ASOWorkTools\M2_REPO\com\fasterxml\jackson\datatype\jackson-datatype-jsr310\2.9.5\jackson-datatype-jsr310-2.9.5.jar;D:\ASOWorkTools\M2_REPO\com\googlecode\json-simple\json-simple\1.1.1\json-simple-1.1.1.jar;D:\ASOWorkTools\M2_REPO\javax\ws\rs\javax.ws.rs-api\2.1\javax.ws.rs-api-2.1.jar;D:\ASOWorkTools\M2_REPO\org\springframework\spring-web\5.0.4.RELEASE\spring-web-5.0.4.RELEASE.jar;D:\ASOWorkTools\M2_REPO\commons-lang\commons-lang\2.6\commons-lang-2.6.jar;D:\ASOWorkTools\M2_REPO\javax\resource\connector-api\1.5\connector-api-1.5.jar;D:\ASOWorkTools\M2_REPO\com\bbva\jee\arq\spring\core\arq-spring-restutils\5.7.5.7\arq-spring-restutils-5.7.5.7.jar;D:\ASOWorkTools\M2_REPO\cz\jirutka\rsql\rsql-parser\2.1.0\rsql-parser-2.1.0.jar;D:\ASOWorkTools\M2_REPO\org\springframework\data\spring-data-jpa\2.0.4.RELEASE\spring-data-jpa-2.0.4.RELEASE.jar;D:\ASOWorkTools\M2_REPO\org\springframework\data\spring-data-commons\2.0.4.RELEASE\spring-data-commons-2.0.4.RELEASE.jar;D:\ASOWorkTools\M2_REPO\org\springframework\spring-orm\5.0.4.RELEASE\spring-orm-5.0.4.RELEASE.jar;D:\ASOWorkTools\M2_REPO\org\hibernate\javax\persistence\hibernate-jpa-2.1-api\1.0.2.Final\hibernate-jpa-2.1-api-1.0.2.Final.jar;D:\ASOWorkTools\M2_REPO\com\bbva\jee\arq\spring\core\arq-spring-connector-backend\5.7.5.0\arq-spring-connector-backend-5.7.5.0.jar;D:\ASOWorkTools\M2_REPO\com\bbva\jee\arq\spring\core\arq-spring-backend-apx\5.7.4.0\arq-spring-backend-apx-5.7.4.0.jar;D:\ASOWorkTools\M2_REPO\com\bbva\jee\arq\spring\core\arq-spring-backend-otma\5.6.0.2\arq-spring-backend-otma-5.6.0.2.jar;D:\ASOWorkTools\M2_REPO\com\bbva\jee\arq\spring\core\arq-spring-connector-semaas\5.7.5.4\arq-spring-connector-semaas-5.7.5.4.jar;D:\ASOWorkTools\M2_REPO\com\bbva\jee\arq\spring\core\arq-spring-connector-semaas-api\5.7.5.2\arq-spring-connector-semaas-api-5.7.5.2.jar;D:\ASOWorkTools\M2_REPO\javax\jms\jms\1.1\jms-1.1.jar;D:\ASOWorkTools\M2_REPO\org\javassist\javassist\3.21.0-GA\javassist-3.21.0-GA.jar;D:\ASOWorkTools\M2_REPO\com\bbva\jee\arq\spring\core\arq-spring-backend-ps\5.7.5.14\arq-spring-backend-ps-5.7.5.14.jar;D:\ASOWorkTools\M2_REPO\commons-collections\commons-collections\3.2.1\commons-collections-3.2.1.jar;D:\ASOWorkTools\M2_REPO\com\bbva\jee\arq\spring\core\arq-spring-backend-commons\5.7.5.14\arq-spring-backend-commons-5.7.5.14.jar;D:\ASOWorkTools\M2_REPO\com\bbva\jee\arq\spring\core\arq-spring-core-interfaces\5.7.5.6\arq-spring-core-interfaces-5.7.5.6.jar;D:\ASOWorkTools\M2_REPO\javax\persistence\persistence-api\1.0\persistence-api-1.0.jar;D:\ASOWorkTools\M2_REPO\org\aspectj\aspectjtools\1.9.0\aspectjtools-1.9.0.jar;D:\ASOWorkTools\M2_REPO\com\fasterxml\jackson\core\jackson-annotations\2.9.5\jackson-annotations-2.9.5.jar;D:\ASOWorkTools\M2_REPO\org\reflections\reflections\0.9.8\reflections-0.9.8.jar;D:\ASOWorkTools\M2_REPO\javassist\javassist\3.12.1.GA\javassist-3.12.1.GA.jar;D:\ASOWorkTools\M2_REPO\dom4j\dom4j\1.6.1\dom4j-1.6.1.jar;D:\ASOWorkTools\M2_REPO\xml-apis\xml-apis\1.0.b2\xml-apis-1.0.b2.jar;D:\ASOWorkTools\M2_REPO\com\bbva\jee\arq\spring\core\arq-spring-servicing-logging\5.7.5.2\arq-spring-servicing-logging-5.7.5.2.jar;D:\ASOWorkTools\M2_REPO\com\bbva\semaas\delta\0.9.0\delta-0.9.0.jar;D:\ASOWorkTools\M2_REPO\com\squareup\okhttp\okhttp\2.5.0\okhttp-2.5.0.jar;D:\ASOWorkTools\M2_REPO\com\squareup\okio\okio\1.6.0\okio-1.6.0.jar;D:\ASOWorkTools\M2_REPO\org\apache\logging\log4j\log4j-api\2.11.2\log4j-api-2.11.2.jar;D:\ASOWorkTools\M2_REPO\org\apache\logging\log4j\log4j-core\2.11.2\log4j-core-2.11.2.jar;D:\ASOWorkTools\M2_REPO\org\apache\logging\log4j\log4j-slf4j-impl\2.11.2\log4j-slf4j-impl-2.11.2.jar;D:\ASOWorkTools\M2_REPO\org\apache\cxf\cxf-core\3.2.4\cxf-core-3.2.4.jar;D:\ASOWorkTools\M2_REPO\com\fasterxml\woodstox\woodstox-core\5.0.3\woodstox-core-5.0.3.jar;D:\ASOWorkTools\M2_REPO\org\codehaus\woodstox\stax2-api\3.1.4\stax2-api-3.1.4.jar;D:\ASOWorkTools\M2_REPO\org\apache\ws\xmlschema\xmlschema-core\2.2.3\xmlschema-core-2.2.3.jar;D:\ASOWorkTools\M2_REPO\com\wordnik\swagger-core_2.10\1.3.0\swagger-core_2.10-1.3.0.jar;D:\ASOWorkTools\M2_REPO\com\fasterxml\jackson\module\jackson-module-scala_2.10\2.1.5\jackson-module-scala_2.10-2.1.5.jar;D:\ASOWorkTools\M2_REPO\com\thoughtworks\paranamer\paranamer\2.3\paranamer-2.3.jar;D:\ASOWorkTools\M2_REPO\org\scala-lang\scala-reflect\2.10.0\scala-reflect-2.10.0.jar;D:\ASOWorkTools\M2_REPO\com\fasterxml\jackson\module\jackson-module-jsonSchema\2.1.0\jackson-module-jsonSchema-2.1.0.jar;D:\ASOWorkTools\M2_REPO\com\fasterxml\jackson\jaxrs\jackson-jaxrs-json-provider\2.0.0\jackson-jaxrs-json-provider-2.0.0.jar;D:\ASOWorkTools\M2_REPO\com\fasterxml\jackson\module\jackson-module-jaxb-annotations\2.0.0\jackson-module-jaxb-annotations-2.0.0.jar;D:\ASOWorkTools\M2_REPO\com\wordnik\swagger-annotations_2.10\1.3.0\swagger-annotations_2.10-1.3.0.jar;D:\ASOWorkTools\M2_REPO\org\json4s\json4s-ext_2.10\3.2.4\json4s-ext_2.10-3.2.4.jar;D:\ASOWorkTools\M2_REPO\joda-time\joda-time\2.1\joda-time-2.1.jar;D:\ASOWorkTools\M2_REPO\org\joda\joda-convert\1.2\joda-convert-1.2.jar;D:\ASOWorkTools\M2_REPO\org\json4s\json4s-native_2.10\3.2.4\json4s-native_2.10-3.2.4.jar;D:\ASOWorkTools\M2_REPO\org\json4s\json4s-core_2.10\3.2.4\json4s-core_2.10-3.2.4.jar;D:\ASOWorkTools\M2_REPO\org\json4s\json4s-ast_2.10\3.2.4\json4s-ast_2.10-3.2.4.jar;D:\ASOWorkTools\M2_REPO\org\scala-lang\scalap\2.10.0\scalap-2.10.0.jar;D:\ASOWorkTools\M2_REPO\org\scala-lang\scala-compiler\2.10.0\scala-compiler-2.10.0.jar;D:\ASOWorkTools\M2_REPO\org\json4s\json4s-jackson_2.10\3.2.4\json4s-jackson_2.10-3.2.4.jar;D:\ASOWorkTools\M2_REPO\com\wordnik\swagger-jaxrs_2.10\1.3.0\swagger-jaxrs_2.10-1.3.0.jar;D:\ASOWorkTools\M2_REPO\org\scala-lang\scala-library\2.10.0\scala-library-2.10.0.jar;D:\ASOWorkTools\M2_REPO\javax\ws\rs\jsr311-api\1.1.1\jsr311-api-1.1.1.jar;D:\ASOWorkTools\M2_REPO\com\google\guava\guava\23.4-android\guava-23.4-android.jar;D:\ASOWorkTools\M2_REPO\com\google\code\findbugs\jsr305\1.3.9\jsr305-1.3.9.jar;D:\ASOWorkTools\M2_REPO\com\google\errorprone\error_prone_annotations\2.0.18\error_prone_annotations-2.0.18.jar;D:\ASOWorkTools\M2_REPO\com\google\j2objc\j2objc-annotations\1.1\j2objc-annotations-1.1.jar;D:\ASOWorkTools\M2_REPO\org\codehaus\mojo\animal-sniffer-annotations\1.14\animal-sniffer-annotations-1.14.jar;D:\ASOWorkTools\M2_REPO\junit\junit\4.12\junit-4.12.jar;D:\ASOWorkTools\M2_REPO\org\hamcrest\hamcrest-core\1.3\hamcrest-core-1.3.jar;D:\ASOWorkTools\M2_REPO\org\mockito\mockito-core\2.13.0\mockito-core-2.13.0.jar;D:\ASOWorkTools\M2_REPO\net\bytebuddy\byte-buddy\1.8.17\byte-buddy-1.8.17.jar;D:\ASOWorkTools\M2_REPO\net\bytebuddy\byte-buddy-agent\1.7.9\byte-buddy-agent-1.7.9.jar;D:\ASOWorkTools\M2_REPO\org\objenesis\objenesis\2.6\objenesis-2.6.jar;D:\ASOWorkTools\M2_REPO\com\bbva\pzic\testUtils\5.5.4.8\testUtils-5.5.4.8.jar;D:\ASOWorkTools\M2_REPO\org\hamcrest\hamcrest-all\1.3\hamcrest-all-1.3.jar;D:\ASOWorkTools\M2_REPO\com\openpojo\openpojo\0.7.5\openpojo-0.7.5.jar;D:\ASOWorkTools\M2_REPO\org\aspectj\aspectjrt\1.9.0\aspectjrt-1.9.0.jar;D:\ASOWorkTools\M2_REPO\org\aspectj\aspectjweaver\1.9.0\aspectjweaver-1.9.0.jar;D:\ASOWorkTools\M2_REPO\javax\servlet\javax.servlet-api\3.1.0\javax.servlet-api-3.1.0.jar;D:\ASOWorkTools\M2_REPO\net\sf\flexjson\flexjson\2.1\flexjson-2.1.jar;D:\ASOWorkTools\M2_REPO\org\springframework\roo\org.springframework.roo.addon.configurable.annotations\2.0.0.RELEASE\org.springframework.roo.addon.configurable.annotations-2.0.0.RELEASE.jar;D:\ASOWorkTools\M2_REPO\org\springframework\roo\org.springframework.roo.addon.javabean.annotations\2.0.0.RELEASE\org.springframework.roo.addon.javabean.annotations-2.0.0.RELEASE.jar;D:\ASOWorkTools\M2_REPO\org\springframework\roo\org.springframework.roo.addon.jpa.annotations\2.0.0.RELEASE\org.springframework.roo.addon.jpa.annotations-2.0.0.RELEASE.jar;D:\ASOWorkTools\M2_REPO\org\springframework\roo\org.springframework.roo.addon.layers.repository.jpa.annotations\2.0.0.RELEASE\org.springframework.roo.addon.layers.repository.jpa.annotations-2.0.0.RELEASE.jar;D:\ASOWorkTools\M2_REPO\org\springframework\roo\org.springframework.roo.addon.layers.service.annotations\2.0.0.RELEASE\org.springframework.roo.addon.layers.service.annotations-2.0.0.RELEASE.jar;D:\ASOWorkTools\M2_REPO\org\springframework\roo\org.springframework.roo.addon.plural.annotations\2.0.0.RELEASE\org.springframework.roo.addon.plural.annotations-2.0.0.RELEASE.jar;D:\ASOWorkTools\M2_REPO\org\springframework\roo\org.springframework.roo.addon.security.annotations\2.0.0.RELEASE\org.springframework.roo.addon.security.annotations-2.0.0.RELEASE.jar;D:\ASOWorkTools\M2_REPO\org\springframework\roo\org.springframework.roo.addon.web.mvc.controller.annotations\2.0.0.RELEASE\org.springframework.roo.addon.web.mvc.controller.annotations-2.0.0.RELEASE.jar;D:\ASOWorkTools\M2_REPO\org\springframework\roo\org.springframework.roo.addon.web.mvc.exceptions.annotations\2.0.0.RELEASE\org.springframework.roo.addon.web.mvc.exceptions.annotations-2.0.0.RELEASE.jar;D:\ASOWorkTools\M2_REPO\org\springframework\roo\org.springframework.roo.addon.web.mvc.thymeleaf.annotations\2.0.0.RELEASE\org.springframework.roo.addon.web.mvc.thymeleaf.annotations-2.0.0.RELEASE.jar;D:\ASOWorkTools\M2_REPO\org\springframework\roo\org.springframework.roo.classpath\2.0.0.RELEASE\org.springframework.roo.classpath-2.0.0.RELEASE.jar;D:\ASOWorkTools\M2_REPO\org\apache\felix\org.apache.felix.scr.annotations\1.9.12\org.apache.felix.scr.annotations-1.9.12.jar;D:\ASOWorkTools\M2_REPO\org\springframework\roo\org.springframework.roo.file.monitor\2.0.0.RELEASE\org.springframework.roo.file.monitor-2.0.0.RELEASE.jar;D:\ASOWorkTools\M2_REPO\org\springframework\roo\org.springframework.roo.file.undo\2.0.0.RELEASE\org.springframework.roo.file.undo-2.0.0.RELEASE.jar;D:\ASOWorkTools\M2_REPO\org\springframework\roo\org.springframework.roo.metadata\2.0.0.RELEASE\org.springframework.roo.metadata-2.0.0.RELEASE.jar;D:\ASOWorkTools\M2_REPO\org\springframework\roo\org.springframework.roo.model\2.0.0.RELEASE\org.springframework.roo.model-2.0.0.RELEASE.jar;D:\ASOWorkTools\M2_REPO\org\springframework\roo\org.springframework.roo.process.manager\2.0.0.RELEASE\org.springframework.roo.process.manager-2.0.0.RELEASE.jar;D:\ASOWorkTools\M2_REPO\org\springframework\roo\org.springframework.roo.shell.osgi\2.0.0.RELEASE\org.springframework.roo.shell.osgi-2.0.0.RELEASE.jar;D:\ASOWorkTools\M2_REPO\org\springframework\roo\org.springframework.roo.project\2.0.0.RELEASE\org.springframework.roo.project-2.0.0.RELEASE.jar;D:\ASOWorkTools\M2_REPO\org\apache\felix\org.apache.felix.framework\5.4.0\org.apache.felix.framework-5.4.0.jar;D:\ASOWorkTools\M2_REPO\org\springframework\roo\org.springframework.roo.shell\2.0.0.RELEASE\org.springframework.roo.shell-2.0.0.RELEASE.jar;D:\ASOWorkTools\M2_REPO\org\springframework\roo\org.springframework.roo.support\2.0.0.RELEASE\org.springframework.roo.support-2.0.0.RELEASE.jar;D:\ASOWorkTools\M2_REPO\org\apache\commons\commons-lang3\3.8.1\commons-lang3-3.8.1.jar;D:\ASOWorkTools\M2_REPO\commons-codec\commons-codec\1.8\commons-codec-1.8.jar;D:\ASOWorkTools\M2_REPO\org\springframework\roo\org.springframework.roo.settings\2.0.0.RELEASE\org.springframework.roo.settings-2.0.0.RELEASE.jar;D:\ASOWorkTools\M2_REPO\org\springframework\roo\org.springframework.roo.propfiles.manager\2.0.0.RELEASE\org.springframework.roo.propfiles.manager-2.0.0.RELEASE.jar;D:\ASOWorkTools\M2_REPO\org\springframework\roo\wrapping\org.springframework.roo.wrapping.inflector\0.7.0.010\org.springframework.roo.wrapping.inflector-0.7.0.010.jar;D:\ASOWorkTools\M2_REPO\org\springframework\roo\org.springframework.roo.addon.dto.annotations\2.0.0.RELEASE\org.springframework.roo.addon.dto.annotations-2.0.0.RELEASE.jar;D:\ASOWorkTools\M2_REPO\org\springframework\roo\org.springframework.roo.addon.ws.annotations\2.0.0.RELEASE\org.springframework.roo.addon.ws.annotations-2.0.0.RELEASE.jar;D:\ASOWorkTools\M2_REPO\org\springframework\spring-core\5.0.4.RELEASE\spring-core-5.0.4.RELEASE.jar;D:\ASOWorkTools\M2_REPO\org\springframework\spring-jcl\5.0.4.RELEASE\spring-jcl-5.0.4.RELEASE.jar;D:\ASOWorkTools\M2_REPO\org\springframework\spring-test\5.0.4.RELEASE\spring-test-5.0.4.RELEASE.jar;D:\ASOWorkTools\M2_REPO\org\springframework\spring-context\5.0.4.RELEASE\spring-context-5.0.4.RELEASE.jar;D:\ASOWorkTools\M2_REPO\org\springframework\spring-expression\5.0.4.RELEASE\spring-expression-5.0.4.RELEASE.jar;D:\ASOWorkTools\M2_REPO\org\springframework\spring-aop\5.0.4.RELEASE\spring-aop-5.0.4.RELEASE.jar;D:\ASOWorkTools\M2_REPO\org\springframework\spring-aspects\5.0.4.RELEASE\spring-aspects-5.0.4.RELEASE.jar;D:\ASOWorkTools\M2_REPO\org\springframework\spring-tx\5.0.4.RELEASE\spring-tx-5.0.4.RELEASE.jar;D:\ASOWorkTools\M2_REPO\org\springframework\spring-beans\5.0.4.RELEASE\spring-beans-5.0.4.RELEASE.jar;D:\ASOWorkTools\M2_REPO\com\fasterxml\jackson\core\jackson-databind\2.9.5\jackson-databind-2.9.5.jar;D:\ASOWorkTools\M2_REPO\com\fasterxml\jackson\core\jackson-core\2.9.5\jackson-core-2.9.5.jar;D:\ASOWorkTools\M2_REPO\org\codehaus\jackson\jackson-core-asl\1.8.0\jackson-core-asl-1.8.0.jar;D:\ASOWorkTools\M2_REPO\org\codehaus\jackson\jackson-core-lgpl\1.8.0\jackson-core-lgpl-1.8.0.jar;D:\ASOWorkTools\M2_REPO\org\codehaus\jackson\jackson-mapper-asl\1.8.0\jackson-mapper-asl-1.8.0.jar;D:\ASOWorkTools\M2_REPO\org\codehaus\jackson\jackson-mapper-lgpl\1.8.0\jackson-mapper-lgpl-1.8.0.jar;D:\ASOWorkTools\M2_REPO\org\codehaus\jackson\jackson-mrbean\1.8.0\jackson-mrbean-1.8.0.jar;D:\ASOWorkTools\M2_REPO\org\codehaus\jackson\jackson-jaxrs\1.8.0\jackson-jaxrs-1.8.0.jar;D:\ASOWorkTools\M2_REPO\org\codehaus\jackson\jackson-smile\1.8.0\jackson-smile-1.8.0.jar;D:\ASOWorkTools\M2_REPO\org\codehaus\jackson\jackson-xc\1.8.0\jackson-xc-1.8.0.jar;D:\ASOWorkTools\M2_REPO\org\apache\cxf\cxf-rt-frontend-jaxws\3.2.4\cxf-rt-frontend-jaxws-3.2.4.jar;D:\ASOWorkTools\M2_REPO\xml-resolver\xml-resolver\1.2\xml-resolver-1.2.jar;D:\ASOWorkTools\M2_REPO\org\ow2\asm\asm\5.2\asm-5.2.jar;D:\ASOWorkTools\M2_REPO\org\apache\cxf\cxf-rt-bindings-soap\3.2.4\cxf-rt-bindings-soap-3.2.4.jar;D:\ASOWorkTools\M2_REPO\org\apache\cxf\cxf-rt-wsdl\3.2.4\cxf-rt-wsdl-3.2.4.jar;D:\ASOWorkTools\M2_REPO\wsdl4j\wsdl4j\1.6.3\wsdl4j-1.6.3.jar;D:\ASOWorkTools\M2_REPO\org\apache\cxf\cxf-rt-databinding-jaxb\3.2.4\cxf-rt-databinding-jaxb-3.2.4.jar;D:\ASOWorkTools\M2_REPO\org\apache\cxf\cxf-rt-bindings-xml\3.2.4\cxf-rt-bindings-xml-3.2.4.jar;D:\ASOWorkTools\M2_REPO\org\apache\cxf\cxf-rt-frontend-simple\3.2.4\cxf-rt-frontend-simple-3.2.4.jar;D:\ASOWorkTools\M2_REPO\org\apache\cxf\cxf-rt-ws-addr\3.2.4\cxf-rt-ws-addr-3.2.4.jar;D:\ASOWorkTools\M2_REPO\org\apache\cxf\cxf-rt-ws-policy\3.2.4\cxf-rt-ws-policy-3.2.4.jar;D:\ASOWorkTools\M2_REPO\org\apache\neethi\neethi\3.1.1\neethi-3.1.1.jar;D:\ASOWorkTools\M2_REPO\org\apache\cxf\cxf-rt-frontend-jaxrs\3.2.4\cxf-rt-frontend-jaxrs-3.2.4.jar;D:\ASOWorkTools\M2_REPO\javax\annotation\javax.annotation-api\1.3\javax.annotation-api-1.3.jar;D:\ASOWorkTools\M2_REPO\org\apache\cxf\cxf-rt-transports-http\3.2.4\cxf-rt-transports-http-3.2.4.jar;D:\ASOWorkTools\M2_REPO\org\apache\cxf\cxf-rt-rs-extension-search\3.2.4\cxf-rt-rs-extension-search-3.2.4.jar;D:\ASOWorkTools\M2_REPO\org\hibernate\hibernate-entitymanager\5.2.16.Final\hibernate-entitymanager-5.2.16.Final.jar;D:\ASOWorkTools\M2_REPO\org\jboss\logging\jboss-logging\3.3.1.Final\jboss-logging-3.3.1.Final.jar;D:\ASOWorkTools\M2_REPO\org\hibernate\hibernate-core\5.2.16.Final\hibernate-core-5.2.16.Final.jar;D:\ASOWorkTools\M2_REPO\antlr\antlr\2.7.7\antlr-2.7.7.jar;D:\ASOWorkTools\M2_REPO\org\jboss\jandex\2.0.3.Final\jandex-2.0.3.Final.jar;D:\ASOWorkTools\M2_REPO\org\hibernate\common\hibernate-commons-annotations\5.0.1.Final\hibernate-commons-annotations-5.0.1.Final.jar;D:\ASOWorkTools\M2_REPO\org\jboss\spec\javax\transaction\jboss-transaction-api_1.2_spec\1.0.1.Final\jboss-transaction-api_1.2_spec-1.0.1.Final.jar;D:\ASOWorkTools\M2_REPO\org\hibernate\validator\hibernate-validator\6.0.9.Final\hibernate-validator-6.0.9.Final.jar;D:\ASOWorkTools\M2_REPO\com\fasterxml\classmate\1.3.4\classmate-1.3.4.jar;D:\ASOWorkTools\M2_REPO\javax\validation\validation-api\2.0.1.Final\validation-api-2.0.1.Final.jar;D:\ASOWorkTools\M2_REPO\org\glassfish\javax.el\3.0.1-b09\javax.el-3.0.1-b09.jar;"/>
    <property name="java.specification.name" value="Java Platform API Specification"/>
    <property name="java.class.version" value="52.0"/>
    <property name="sun.management.compiler" value="HotSpot 64-Bit Tiered Compilers"/>
    <property name="os.version" value="10.0"/>
    <property name="user.home" value="C:\Users\user"/>
    <property name="user.timezone" value="America/Bogota"/>
    <property name="java.awt.printerjob" value="sun.awt.windows.WPrinterJob"/>
    <property name="java.specification.version" value="1.8"/>
    <property name="file.encoding" value="Cp1252"/>
    <property name="user.name" value="user"/>
    <property name="java.class.path" value="S:\Development\SARrc_Projects\pzic\prueba-proposals\target\test-classes;S:\Development\SARrc_Projects\pzic\prueba-proposals\target\classes;D:\ASOWorkTools\M2_REPO\com\bbva\pzic\routine\processing\data\pzic_data-processing-executor-rm\1.0.0\pzic_data-processing-executor-rm-1.0.0.jar;D:\ASOWorkTools\M2_REPO\com\bbva\pzic\routine\processing\data\pzic_data-modifier-rm\1.0.0\pzic_data-modifier-rm-1.0.0.jar;D:\ASOWorkTools\M2_REPO\com\bbva\pzic\routine\crypto\pzic_crypto-rm\1.0.0\pzic_crypto-rm-1.0.0.jar;D:\ASOWorkTools\M2_REPO\com\bbva\secarq\caas\caas-client\2.0.8\caas-client-2.0.8.jar;D:\ASOWorkTools\M2_REPO\com\bbva\secarq\caas\caas-engine\2.0.8\caas-engine-2.0.8.jar;D:\ASOWorkTools\M2_REPO\com\bbva\secarq\caas\caas-secret\2.0.8\caas-secret-2.0.8.jar;D:\ASOWorkTools\M2_REPO\com\google\code\gson\gson\2.6.2\gson-2.6.2.jar;D:\ASOWorkTools\M2_REPO\com\bettercloud\vault-java-driver\1.1.0\vault-java-driver-1.1.0.jar;D:\ASOWorkTools\M2_REPO\com\google\inject\guice\4.1.0\guice-4.1.0.jar;D:\ASOWorkTools\M2_REPO\javax\inject\javax.inject\1\javax.inject-1.jar;D:\ASOWorkTools\M2_REPO\org\apache\httpcomponents\httpcore\4.4.6\httpcore-4.4.6.jar;D:\ASOWorkTools\M2_REPO\com\bbva\pzic\routine\finger-print-validator\pzic_finger-print-validator-rm\1.0.0\pzic_finger-print-validator-rm-1.0.0.jar;D:\ASOWorkTools\M2_REPO\com\bbva\pzic\routine\behavioralbiometricsvalidator\pzic_behavioral-biometrics-validator-rm\1.0.0\pzic_behavioral-biometrics-validator-rm-1.0.0.jar;D:\ASOWorkTools\M2_REPO\com\bbva\jee\arq\spring\integraciones\securitydummy\5.7.5.6\securitydummy-5.7.5.6.jar;D:\ASOWorkTools\M2_REPO\com\bbva\jee\arq\spring\integraciones\mocking\5.4.0.0\mocking-5.4.0.0.jar;D:\ASOWorkTools\M2_REPO\com\bbva\pzic\routine\configuration\pzic_configuration-rm\1.0.0\pzic_configuration-rm-1.0.0.jar;D:\ASOWorkTools\M2_REPO\commons-logging\commons-logging\1.2\commons-logging-1.2.jar;D:\ASOWorkTools\M2_REPO\com\bbva\pzic\routine\configuration\impl\pzic_test-configuration-rm\1.0.0\pzic_test-configuration-rm-1.0.0.jar;D:\ASOWorkTools\M2_REPO\com\bbva\pzic\routine\validator\pzic_validator-rm\1.0.0\pzic_validator-rm-1.0.0.jar;D:\ASOWorkTools\M2_REPO\com\bbva\pzic\routine\commons\utils\pzic_commons-utils-rm\1.0.0\pzic_commons-utils-rm-1.0.0.jar;D:\ASOWorkTools\M2_REPO\com\bbva\pzic\routine\translator\pzic_translator-rm\1.0.0\pzic_translator-rm-1.0.0.jar;D:\ASOWorkTools\M2_REPO\javax\mail\mail\1.4.1\mail-1.4.1.jar;D:\ASOWorkTools\M2_REPO\javax\activation\activation\1.1\activation-1.1.jar;D:\ASOWorkTools\M2_REPO\com\bbva\jee\arq\spring\core\arq-spring-backend-transport-rest\5.7.4.0\arq-spring-backend-transport-rest-5.7.4.0.jar;D:\ASOWorkTools\M2_REPO\org\glassfish\jersey\core\jersey-client\2.27\jersey-client-2.27.jar;D:\ASOWorkTools\M2_REPO\org\glassfish\jersey\core\jersey-common\2.27\jersey-common-2.27.jar;D:\ASOWorkTools\M2_REPO\org\glassfish\hk2\osgi-resource-locator\1.0.1\osgi-resource-locator-1.0.1.jar;D:\ASOWorkTools\M2_REPO\org\glassfish\hk2\external\javax.inject\2.5.0-b42\javax.inject-2.5.0-b42.jar;D:\ASOWorkTools\M2_REPO\org\glassfish\jersey\media\jersey-media-multipart\2.27\jersey-media-multipart-2.27.jar;D:\ASOWorkTools\M2_REPO\org\jvnet\mimepull\mimepull\1.9.6\mimepull-1.9.6.jar;D:\ASOWorkTools\M2_REPO\org\glassfish\jersey\media\jersey-media-json-jackson\2.27\jersey-media-json-jackson-2.27.jar;D:\ASOWorkTools\M2_REPO\org\glassfish\jersey\ext\jersey-entity-filtering\2.27\jersey-entity-filtering-2.27.jar;D:\ASOWorkTools\M2_REPO\org\glassfish\jersey\connectors\jersey-apache-connector\2.27\jersey-apache-connector-2.27.jar;D:\ASOWorkTools\M2_REPO\org\apache\httpcomponents\httpclient\4.5\httpclient-4.5.jar;D:\ASOWorkTools\M2_REPO\com\bbva\secarq\caas2\caasext-channel-infrastructure-seg\1.1.0\caasext-channel-infrastructure-seg-1.1.0.jar;D:\ASOWorkTools\M2_REPO\com\nimbusds\nimbus-jose-jwt\4.26\nimbus-jose-jwt-4.26.jar;D:\ASOWorkTools\M2_REPO\com\github\stephenc\jcip\jcip-annotations\1.0-1\jcip-annotations-1.0-1.jar;D:\ASOWorkTools\M2_REPO\net\minidev\json-smart\1.3.1\json-smart-1.3.1.jar;D:\ASOWorkTools\M2_REPO\commons-io\commons-io\2.5\commons-io-2.5.jar;D:\ASOWorkTools\M2_REPO\org\bouncycastle\bcprov-jdk15on\1.59\bcprov-jdk15on-1.59.jar;D:\ASOWorkTools\M2_REPO\org\bouncycastle\bcpkix-jdk15on\1.59\bcpkix-jdk15on-1.59.jar;D:\ASOWorkTools\M2_REPO\com\bbva\secarq\caas2\caascore-channel-infrastructure-seg\1.0.11\caascore-channel-infrastructure-seg-1.0.11.jar;D:\ASOWorkTools\M2_REPO\org\slf4j\jcl-over-slf4j\1.7.30\jcl-over-slf4j-1.7.30.jar;D:\ASOWorkTools\M2_REPO\org\slf4j\slf4j-api\1.7.30\slf4j-api-1.7.30.jar;D:\ASOWorkTools\M2_REPO\org\slf4j\slf4j-log4j12\1.7.30\slf4j-log4j12-1.7.30.jar;D:\ASOWorkTools\M2_REPO\log4j\log4j\1.2.17\log4j-1.2.17.jar;D:\ASOWorkTools\M2_REPO\com\bbva\jee\arq\spring\core\arq-spring-servicing-core\5.7.5.16\arq-spring-servicing-core-5.7.5.16.jar;D:\ASOWorkTools\M2_REPO\com\bbva\jee\arq\spring\core\arq-spring-monitoring\5.7.5.1\arq-spring-monitoring-5.7.5.1.jar;D:\ASOWorkTools\M2_REPO\org\apache\geronimo\specs\geronimo-commonj_1.1_spec\1.0\geronimo-commonj_1.1_spec-1.0.jar;D:\ASOWorkTools\M2_REPO\com\rabbitmq\amqp-client\3.3.5\amqp-client-3.3.5.jar;D:\ASOWorkTools\M2_REPO\com\bbva\jee\arq\spring\core\arq-spring-servicing-fraud\5.3.1.0\arq-spring-servicing-fraud-5.3.1.0.jar;D:\ASOWorkTools\M2_REPO\com\bbva\jee\arq\spring\core\arq-spring-connector-crypto\5.7.5.10\arq-spring-connector-crypto-5.7.5.10.jar;D:\ASOWorkTools\M2_REPO\com\bbva\jee\arq\spring\core\arq-spring-connector-rest\5.7.5.13\arq-spring-connector-rest-5.7.5.13.jar;D:\ASOWorkTools\M2_REPO\com\bbva\jee\arq\spring\core\arq-spring-servicing-utils\5.5.1.2\arq-spring-servicing-utils-5.5.1.2.jar;D:\ASOWorkTools\M2_REPO\org\apache\httpcomponents\httpmime\4.5.5\httpmime-4.5.5.jar;D:\ASOWorkTools\M2_REPO\com\google\api-client\google-api-client\1.18.0-rc\google-api-client-1.18.0-rc.jar;D:\ASOWorkTools\M2_REPO\com\google\oauth-client\google-oauth-client\1.18.0-rc\google-oauth-client-1.18.0-rc.jar;D:\ASOWorkTools\M2_REPO\com\google\http-client\google-http-client-jackson2\1.18.0-rc\google-http-client-jackson2-1.18.0-rc.jar;D:\ASOWorkTools\M2_REPO\com\google\http-client\google-http-client\1.18.0-rc\google-http-client-1.18.0-rc.jar;D:\ASOWorkTools\M2_REPO\commons-httpclient\commons-httpclient\3.1\commons-httpclient-3.1.jar;D:\ASOWorkTools\M2_REPO\com\bbva\jee\arq\spring\integraciones\caasdummy\5.7.0.0\caasdummy-5.7.0.0.jar;D:\ASOWorkTools\M2_REPO\com\bbva\jee\arq\spring\core\arq-spring-connector-upsilon\5.7.4.0\arq-spring-connector-upsilon-5.7.4.0.jar;D:\ASOWorkTools\M2_REPO\com\bbva\jee\arq\spring\integraciones\sendsmsdummy\5.0.4\sendsmsdummy-5.0.4.jar;D:\ASOWorkTools\M2_REPO\com\bbva\infrastructure\multichannel\api\multi-channel-infrastructure-api\5.6.0.1\multi-channel-infrastructure-api-5.6.0.1.jar;D:\ASOWorkTools\M2_REPO\com\bbva\jee\arq\spring\core\arq-spring-utils\5.7.5.15\arq-spring-utils-5.7.5.15.jar;D:\ASOWorkTools\M2_REPO\com\bbva\jee\arqasotools\arq-aso-tools\1.0.0\arq-aso-tools-1.0.0.jar;D:\ASOWorkTools\M2_REPO\de\schlichtherle\truelicense\truelicense-core\1.33\truelicense-core-1.33.jar;D:\ASOWorkTools\M2_REPO\de\schlichtherle\truelicense\truelicense-xml\1.33\truelicense-xml-1.33.jar;D:\ASOWorkTools\M2_REPO\com\thoughtworks\xstream\xstream\1.3.1\xstream-1.3.1.jar;D:\ASOWorkTools\M2_REPO\xpp3\xpp3_min\1.1.4c\xpp3_min-1.1.4c.jar;D:\ASOWorkTools\M2_REPO\cglib\cglib-nodep\2.2\cglib-nodep-2.2.jar;D:\ASOWorkTools\M2_REPO\org\springframework\spring-jdbc\5.0.4.RELEASE\spring-jdbc-5.0.4.RELEASE.jar;D:\ASOWorkTools\M2_REPO\org\springframework\spring-oxm\5.0.4.RELEASE\spring-oxm-5.0.4.RELEASE.jar;D:\ASOWorkTools\M2_REPO\org\springframework\spring-context-support\5.0.4.RELEASE\spring-context-support-5.0.4.RELEASE.jar;D:\ASOWorkTools\M2_REPO\org\springframework\hateoas\spring-hateoas\0.25.1.RELEASE\spring-hateoas-0.25.1.RELEASE.jar;D:\ASOWorkTools\M2_REPO\org\springframework\spring-webmvc\4.3.22.RELEASE\spring-webmvc-4.3.22.RELEASE.jar;D:\ASOWorkTools\M2_REPO\com\googlecode\ehcache-spring-annotations\ehcache-spring-annotations\1.2.0\ehcache-spring-annotations-1.2.0.jar;D:\ASOWorkTools\M2_REPO\aopalliance\aopalliance\1.0\aopalliance-1.0.jar;D:\ASOWorkTools\M2_REPO\net\sf\ehcache\ehcache-core\2.4.5\ehcache-core-2.4.5.jar;D:\ASOWorkTools\M2_REPO\org\mapstruct\mapstruct-jdk8\1.2.0.Final\mapstruct-jdk8-1.2.0.Final.jar;D:\ASOWorkTools\M2_REPO\com\ibm\mq\7.0.1.7\mq-7.0.1.7.jar;D:\ASOWorkTools\M2_REPO\com\ibm\mqjms\7.0.1.7\mqjms-7.0.1.7.jar;D:\ASOWorkTools\M2_REPO\com\ibm\disthub2\dhbcore\7.0.1.7\dhbcore-7.0.1.7.jar;D:\ASOWorkTools\M2_REPO\com\ibm\mq\jmqi\7.0.1.7\jmqi-7.0.1.7.jar;D:\ASOWorkTools\M2_REPO\com\ibm\mq\headers\7.0.1.7\headers-7.0.1.7.jar;D:\ASOWorkTools\M2_REPO\com\ibm\mq\commonservices\7.0.1.7\commonservices-7.0.1.7.jar;D:\ASOWorkTools\M2_REPO\com\ibm\connector\1.3.0\connector-1.3.0.jar;D:\ASOWorkTools\M2_REPO\org\apache\cxf\cxf-rt-features-clustering\3.2.4\cxf-rt-features-clustering-3.2.4.jar;D:\ASOWorkTools\M2_REPO\org\apache\cxf\cxf-rt-rs-service-description\3.2.4\cxf-rt-rs-service-description-3.2.4.jar;D:\ASOWorkTools\M2_REPO\org\apache\cxf\cxf-rt-rs-client\3.2.4\cxf-rt-rs-client-3.2.4.jar;D:\ASOWorkTools\M2_REPO\commons-pool\commons-pool\1.5.6\commons-pool-1.5.6.jar;D:\ASOWorkTools\M2_REPO\commons-dbcp\commons-dbcp\1.3\commons-dbcp-1.3.jar;D:\ASOWorkTools\M2_REPO\commons-configuration\commons-configuration\1.8\commons-configuration-1.8.jar;D:\ASOWorkTools\M2_REPO\com\hazelcast\hazelcast-all\3.10.2\hazelcast-all-3.10.2.jar;D:\ASOWorkTools\M2_REPO\com\bbva\jee\arq\spring\cas\api\arq-spring-servicing-cas-api\5.4.0.0\arq-spring-servicing-cas-api-5.4.0.0.jar;D:\ASOWorkTools\M2_REPO\com\bbva\jee\arq\spring\core\arq-spring-core-api\5.7.5.12\arq-spring-core-api-5.7.5.12.jar;D:\ASOWorkTools\M2_REPO\com\fasterxml\jackson\datatype\jackson-datatype-jsr310\2.9.5\jackson-datatype-jsr310-2.9.5.jar;D:\ASOWorkTools\M2_REPO\com\googlecode\json-simple\json-simple\1.1.1\json-simple-1.1.1.jar;D:\ASOWorkTools\M2_REPO\javax\ws\rs\javax.ws.rs-api\2.1\javax.ws.rs-api-2.1.jar;D:\ASOWorkTools\M2_REPO\org\springframework\spring-web\5.0.4.RELEASE\spring-web-5.0.4.RELEASE.jar;D:\ASOWorkTools\M2_REPO\commons-lang\commons-lang\2.6\commons-lang-2.6.jar;D:\ASOWorkTools\M2_REPO\javax\resource\connector-api\1.5\connector-api-1.5.jar;D:\ASOWorkTools\M2_REPO\com\bbva\jee\arq\spring\core\arq-spring-restutils\5.7.5.7\arq-spring-restutils-5.7.5.7.jar;D:\ASOWorkTools\M2_REPO\cz\jirutka\rsql\rsql-parser\2.1.0\rsql-parser-2.1.0.jar;D:\ASOWorkTools\M2_REPO\org\springframework\data\spring-data-jpa\2.0.4.RELEASE\spring-data-jpa-2.0.4.RELEASE.jar;D:\ASOWorkTools\M2_REPO\org\springframework\data\spring-data-commons\2.0.4.RELEASE\spring-data-commons-2.0.4.RELEASE.jar;D:\ASOWorkTools\M2_REPO\org\springframework\spring-orm\5.0.4.RELEASE\spring-orm-5.0.4.RELEASE.jar;D:\ASOWorkTools\M2_REPO\org\hibernate\javax\persistence\hibernate-jpa-2.1-api\1.0.2.Final\hibernate-jpa-2.1-api-1.0.2.Final.jar;D:\ASOWorkTools\M2_REPO\com\bbva\jee\arq\spring\core\arq-spring-connector-backend\5.7.5.0\arq-spring-connector-backend-5.7.5.0.jar;D:\ASOWorkTools\M2_REPO\com\bbva\jee\arq\spring\core\arq-spring-backend-apx\5.7.4.0\arq-spring-backend-apx-5.7.4.0.jar;D:\ASOWorkTools\M2_REPO\com\bbva\jee\arq\spring\core\arq-spring-backend-otma\5.6.0.2\arq-spring-backend-otma-5.6.0.2.jar;D:\ASOWorkTools\M2_REPO\com\bbva\jee\arq\spring\core\arq-spring-connector-semaas\5.7.5.4\arq-spring-connector-semaas-5.7.5.4.jar;D:\ASOWorkTools\M2_REPO\com\bbva\jee\arq\spring\core\arq-spring-connector-semaas-api\5.7.5.2\arq-spring-connector-semaas-api-5.7.5.2.jar;D:\ASOWorkTools\M2_REPO\javax\jms\jms\1.1\jms-1.1.jar;D:\ASOWorkTools\M2_REPO\org\javassist\javassist\3.21.0-GA\javassist-3.21.0-GA.jar;D:\ASOWorkTools\M2_REPO\com\bbva\jee\arq\spring\core\arq-spring-backend-ps\5.7.5.14\arq-spring-backend-ps-5.7.5.14.jar;D:\ASOWorkTools\M2_REPO\commons-collections\commons-collections\3.2.1\commons-collections-3.2.1.jar;D:\ASOWorkTools\M2_REPO\com\bbva\jee\arq\spring\core\arq-spring-backend-commons\5.7.5.14\arq-spring-backend-commons-5.7.5.14.jar;D:\ASOWorkTools\M2_REPO\com\bbva\jee\arq\spring\core\arq-spring-core-interfaces\5.7.5.6\arq-spring-core-interfaces-5.7.5.6.jar;D:\ASOWorkTools\M2_REPO\javax\persistence\persistence-api\1.0\persistence-api-1.0.jar;D:\ASOWorkTools\M2_REPO\org\aspectj\aspectjtools\1.9.0\aspectjtools-1.9.0.jar;D:\ASOWorkTools\M2_REPO\com\fasterxml\jackson\core\jackson-annotations\2.9.5\jackson-annotations-2.9.5.jar;D:\ASOWorkTools\M2_REPO\org\reflections\reflections\0.9.8\reflections-0.9.8.jar;D:\ASOWorkTools\M2_REPO\javassist\javassist\3.12.1.GA\javassist-3.12.1.GA.jar;D:\ASOWorkTools\M2_REPO\dom4j\dom4j\1.6.1\dom4j-1.6.1.jar;D:\ASOWorkTools\M2_REPO\xml-apis\xml-apis\1.0.b2\xml-apis-1.0.b2.jar;D:\ASOWorkTools\M2_REPO\com\bbva\jee\arq\spring\core\arq-spring-servicing-logging\5.7.5.2\arq-spring-servicing-logging-5.7.5.2.jar;D:\ASOWorkTools\M2_REPO\com\bbva\semaas\delta\0.9.0\delta-0.9.0.jar;D:\ASOWorkTools\M2_REPO\com\squareup\okhttp\okhttp\2.5.0\okhttp-2.5.0.jar;D:\ASOWorkTools\M2_REPO\com\squareup\okio\okio\1.6.0\okio-1.6.0.jar;D:\ASOWorkTools\M2_REPO\org\apache\logging\log4j\log4j-api\2.11.2\log4j-api-2.11.2.jar;D:\ASOWorkTools\M2_REPO\org\apache\logging\log4j\log4j-core\2.11.2\log4j-core-2.11.2.jar;D:\ASOWorkTools\M2_REPO\org\apache\logging\log4j\log4j-slf4j-impl\2.11.2\log4j-slf4j-impl-2.11.2.jar;D:\ASOWorkTools\M2_REPO\org\apache\cxf\cxf-core\3.2.4\cxf-core-3.2.4.jar;D:\ASOWorkTools\M2_REPO\com\fasterxml\woodstox\woodstox-core\5.0.3\woodstox-core-5.0.3.jar;D:\ASOWorkTools\M2_REPO\org\codehaus\woodstox\stax2-api\3.1.4\stax2-api-3.1.4.jar;D:\ASOWorkTools\M2_REPO\org\apache\ws\xmlschema\xmlschema-core\2.2.3\xmlschema-core-2.2.3.jar;D:\ASOWorkTools\M2_REPO\com\wordnik\swagger-core_2.10\1.3.0\swagger-core_2.10-1.3.0.jar;D:\ASOWorkTools\M2_REPO\com\fasterxml\jackson\module\jackson-module-scala_2.10\2.1.5\jackson-module-scala_2.10-2.1.5.jar;D:\ASOWorkTools\M2_REPO\com\thoughtworks\paranamer\paranamer\2.3\paranamer-2.3.jar;D:\ASOWorkTools\M2_REPO\org\scala-lang\scala-reflect\2.10.0\scala-reflect-2.10.0.jar;D:\ASOWorkTools\M2_REPO\com\fasterxml\jackson\module\jackson-module-jsonSchema\2.1.0\jackson-module-jsonSchema-2.1.0.jar;D:\ASOWorkTools\M2_REPO\com\fasterxml\jackson\jaxrs\jackson-jaxrs-json-provider\2.0.0\jackson-jaxrs-json-provider-2.0.0.jar;D:\ASOWorkTools\M2_REPO\com\fasterxml\jackson\module\jackson-module-jaxb-annotations\2.0.0\jackson-module-jaxb-annotations-2.0.0.jar;D:\ASOWorkTools\M2_REPO\com\wordnik\swagger-annotations_2.10\1.3.0\swagger-annotations_2.10-1.3.0.jar;D:\ASOWorkTools\M2_REPO\org\json4s\json4s-ext_2.10\3.2.4\json4s-ext_2.10-3.2.4.jar;D:\ASOWorkTools\M2_REPO\joda-time\joda-time\2.1\joda-time-2.1.jar;D:\ASOWorkTools\M2_REPO\org\joda\joda-convert\1.2\joda-convert-1.2.jar;D:\ASOWorkTools\M2_REPO\org\json4s\json4s-native_2.10\3.2.4\json4s-native_2.10-3.2.4.jar;D:\ASOWorkTools\M2_REPO\org\json4s\json4s-core_2.10\3.2.4\json4s-core_2.10-3.2.4.jar;D:\ASOWorkTools\M2_REPO\org\json4s\json4s-ast_2.10\3.2.4\json4s-ast_2.10-3.2.4.jar;D:\ASOWorkTools\M2_REPO\org\scala-lang\scalap\2.10.0\scalap-2.10.0.jar;D:\ASOWorkTools\M2_REPO\org\scala-lang\scala-compiler\2.10.0\scala-compiler-2.10.0.jar;D:\ASOWorkTools\M2_REPO\org\json4s\json4s-jackson_2.10\3.2.4\json4s-jackson_2.10-3.2.4.jar;D:\ASOWorkTools\M2_REPO\com\wordnik\swagger-jaxrs_2.10\1.3.0\swagger-jaxrs_2.10-1.3.0.jar;D:\ASOWorkTools\M2_REPO\org\scala-lang\scala-library\2.10.0\scala-library-2.10.0.jar;D:\ASOWorkTools\M2_REPO\javax\ws\rs\jsr311-api\1.1.1\jsr311-api-1.1.1.jar;D:\ASOWorkTools\M2_REPO\com\google\guava\guava\23.4-android\guava-23.4-android.jar;D:\ASOWorkTools\M2_REPO\com\google\code\findbugs\jsr305\1.3.9\jsr305-1.3.9.jar;D:\ASOWorkTools\M2_REPO\com\google\errorprone\error_prone_annotations\2.0.18\error_prone_annotations-2.0.18.jar;D:\ASOWorkTools\M2_REPO\com\google\j2objc\j2objc-annotations\1.1\j2objc-annotations-1.1.jar;D:\ASOWorkTools\M2_REPO\org\codehaus\mojo\animal-sniffer-annotations\1.14\animal-sniffer-annotations-1.14.jar;D:\ASOWorkTools\M2_REPO\junit\junit\4.12\junit-4.12.jar;D:\ASOWorkTools\M2_REPO\org\hamcrest\hamcrest-core\1.3\hamcrest-core-1.3.jar;D:\ASOWorkTools\M2_REPO\org\mockito\mockito-core\2.13.0\mockito-core-2.13.0.jar;D:\ASOWorkTools\M2_REPO\net\bytebuddy\byte-buddy\1.8.17\byte-buddy-1.8.17.jar;D:\ASOWorkTools\M2_REPO\net\bytebuddy\byte-buddy-agent\1.7.9\byte-buddy-agent-1.7.9.jar;D:\ASOWorkTools\M2_REPO\org\objenesis\objenesis\2.6\objenesis-2.6.jar;D:\ASOWorkTools\M2_REPO\com\bbva\pzic\testUtils\5.5.4.8\testUtils-5.5.4.8.jar;D:\ASOWorkTools\M2_REPO\org\hamcrest\hamcrest-all\1.3\hamcrest-all-1.3.jar;D:\ASOWorkTools\M2_REPO\com\openpojo\openpojo\0.7.5\openpojo-0.7.5.jar;D:\ASOWorkTools\M2_REPO\org\aspectj\aspectjrt\1.9.0\aspectjrt-1.9.0.jar;D:\ASOWorkTools\M2_REPO\org\aspectj\aspectjweaver\1.9.0\aspectjweaver-1.9.0.jar;D:\ASOWorkTools\M2_REPO\javax\servlet\javax.servlet-api\3.1.0\javax.servlet-api-3.1.0.jar;D:\ASOWorkTools\M2_REPO\net\sf\flexjson\flexjson\2.1\flexjson-2.1.jar;D:\ASOWorkTools\M2_REPO\org\springframework\roo\org.springframework.roo.addon.configurable.annotations\2.0.0.RELEASE\org.springframework.roo.addon.configurable.annotations-2.0.0.RELEASE.jar;D:\ASOWorkTools\M2_REPO\org\springframework\roo\org.springframework.roo.addon.javabean.annotations\2.0.0.RELEASE\org.springframework.roo.addon.javabean.annotations-2.0.0.RELEASE.jar;D:\ASOWorkTools\M2_REPO\org\springframework\roo\org.springframework.roo.addon.jpa.annotations\2.0.0.RELEASE\org.springframework.roo.addon.jpa.annotations-2.0.0.RELEASE.jar;D:\ASOWorkTools\M2_REPO\org\springframework\roo\org.springframework.roo.addon.layers.repository.jpa.annotations\2.0.0.RELEASE\org.springframework.roo.addon.layers.repository.jpa.annotations-2.0.0.RELEASE.jar;D:\ASOWorkTools\M2_REPO\org\springframework\roo\org.springframework.roo.addon.layers.service.annotations\2.0.0.RELEASE\org.springframework.roo.addon.layers.service.annotations-2.0.0.RELEASE.jar;D:\ASOWorkTools\M2_REPO\org\springframework\roo\org.springframework.roo.addon.plural.annotations\2.0.0.RELEASE\org.springframework.roo.addon.plural.annotations-2.0.0.RELEASE.jar;D:\ASOWorkTools\M2_REPO\org\springframework\roo\org.springframework.roo.addon.security.annotations\2.0.0.RELEASE\org.springframework.roo.addon.security.annotations-2.0.0.RELEASE.jar;D:\ASOWorkTools\M2_REPO\org\springframework\roo\org.springframework.roo.addon.web.mvc.controller.annotations\2.0.0.RELEASE\org.springframework.roo.addon.web.mvc.controller.annotations-2.0.0.RELEASE.jar;D:\ASOWorkTools\M2_REPO\org\springframework\roo\org.springframework.roo.addon.web.mvc.exceptions.annotations\2.0.0.RELEASE\org.springframework.roo.addon.web.mvc.exceptions.annotations-2.0.0.RELEASE.jar;D:\ASOWorkTools\M2_REPO\org\springframework\roo\org.springframework.roo.addon.web.mvc.thymeleaf.annotations\2.0.0.RELEASE\org.springframework.roo.addon.web.mvc.thymeleaf.annotations-2.0.0.RELEASE.jar;D:\ASOWorkTools\M2_REPO\org\springframework\roo\org.springframework.roo.classpath\2.0.0.RELEASE\org.springframework.roo.classpath-2.0.0.RELEASE.jar;D:\ASOWorkTools\M2_REPO\org\apache\felix\org.apache.felix.scr.annotations\1.9.12\org.apache.felix.scr.annotations-1.9.12.jar;D:\ASOWorkTools\M2_REPO\org\springframework\roo\org.springframework.roo.file.monitor\2.0.0.RELEASE\org.springframework.roo.file.monitor-2.0.0.RELEASE.jar;D:\ASOWorkTools\M2_REPO\org\springframework\roo\org.springframework.roo.file.undo\2.0.0.RELEASE\org.springframework.roo.file.undo-2.0.0.RELEASE.jar;D:\ASOWorkTools\M2_REPO\org\springframework\roo\org.springframework.roo.metadata\2.0.0.RELEASE\org.springframework.roo.metadata-2.0.0.RELEASE.jar;D:\ASOWorkTools\M2_REPO\org\springframework\roo\org.springframework.roo.model\2.0.0.RELEASE\org.springframework.roo.model-2.0.0.RELEASE.jar;D:\ASOWorkTools\M2_REPO\org\springframework\roo\org.springframework.roo.process.manager\2.0.0.RELEASE\org.springframework.roo.process.manager-2.0.0.RELEASE.jar;D:\ASOWorkTools\M2_REPO\org\springframework\roo\org.springframework.roo.shell.osgi\2.0.0.RELEASE\org.springframework.roo.shell.osgi-2.0.0.RELEASE.jar;D:\ASOWorkTools\M2_REPO\org\springframework\roo\org.springframework.roo.project\2.0.0.RELEASE\org.springframework.roo.project-2.0.0.RELEASE.jar;D:\ASOWorkTools\M2_REPO\org\apache\felix\org.apache.felix.framework\5.4.0\org.apache.felix.framework-5.4.0.jar;D:\ASOWorkTools\M2_REPO\org\springframework\roo\org.springframework.roo.shell\2.0.0.RELEASE\org.springframework.roo.shell-2.0.0.RELEASE.jar;D:\ASOWorkTools\M2_REPO\org\springframework\roo\org.springframework.roo.support\2.0.0.RELEASE\org.springframework.roo.support-2.0.0.RELEASE.jar;D:\ASOWorkTools\M2_REPO\org\apache\commons\commons-lang3\3.8.1\commons-lang3-3.8.1.jar;D:\ASOWorkTools\M2_REPO\commons-codec\commons-codec\1.8\commons-codec-1.8.jar;D:\ASOWorkTools\M2_REPO\org\springframework\roo\org.springframework.roo.settings\2.0.0.RELEASE\org.springframework.roo.settings-2.0.0.RELEASE.jar;D:\ASOWorkTools\M2_REPO\org\springframework\roo\org.springframework.roo.propfiles.manager\2.0.0.RELEASE\org.springframework.roo.propfiles.manager-2.0.0.RELEASE.jar;D:\ASOWorkTools\M2_REPO\org\springframework\roo\wrapping\org.springframework.roo.wrapping.inflector\0.7.0.010\org.springframework.roo.wrapping.inflector-0.7.0.010.jar;D:\ASOWorkTools\M2_REPO\org\springframework\roo\org.springframework.roo.addon.dto.annotations\2.0.0.RELEASE\org.springframework.roo.addon.dto.annotations-2.0.0.RELEASE.jar;D:\ASOWorkTools\M2_REPO\org\springframework\roo\org.springframework.roo.addon.ws.annotations\2.0.0.RELEASE\org.springframework.roo.addon.ws.annotations-2.0.0.RELEASE.jar;D:\ASOWorkTools\M2_REPO\org\springframework\spring-core\5.0.4.RELEASE\spring-core-5.0.4.RELEASE.jar;D:\ASOWorkTools\M2_REPO\org\springframework\spring-jcl\5.0.4.RELEASE\spring-jcl-5.0.4.RELEASE.jar;D:\ASOWorkTools\M2_REPO\org\springframework\spring-test\5.0.4.RELEASE\spring-test-5.0.4.RELEASE.jar;D:\ASOWorkTools\M2_REPO\org\springframework\spring-context\5.0.4.RELEASE\spring-context-5.0.4.RELEASE.jar;D:\ASOWorkTools\M2_REPO\org\springframework\spring-expression\5.0.4.RELEASE\spring-expression-5.0.4.RELEASE.jar;D:\ASOWorkTools\M2_REPO\org\springframework\spring-aop\5.0.4.RELEASE\spring-aop-5.0.4.RELEASE.jar;D:\ASOWorkTools\M2_REPO\org\springframework\spring-aspects\5.0.4.RELEASE\spring-aspects-5.0.4.RELEASE.jar;D:\ASOWorkTools\M2_REPO\org\springframework\spring-tx\5.0.4.RELEASE\spring-tx-5.0.4.RELEASE.jar;D:\ASOWorkTools\M2_REPO\org\springframework\spring-beans\5.0.4.RELEASE\spring-beans-5.0.4.RELEASE.jar;D:\ASOWorkTools\M2_REPO\com\fasterxml\jackson\core\jackson-databind\2.9.5\jackson-databind-2.9.5.jar;D:\ASOWorkTools\M2_REPO\com\fasterxml\jackson\core\jackson-core\2.9.5\jackson-core-2.9.5.jar;D:\ASOWorkTools\M2_REPO\org\codehaus\jackson\jackson-core-asl\1.8.0\jackson-core-asl-1.8.0.jar;D:\ASOWorkTools\M2_REPO\org\codehaus\jackson\jackson-core-lgpl\1.8.0\jackson-core-lgpl-1.8.0.jar;D:\ASOWorkTools\M2_REPO\org\codehaus\jackson\jackson-mapper-asl\1.8.0\jackson-mapper-asl-1.8.0.jar;D:\ASOWorkTools\M2_REPO\org\codehaus\jackson\jackson-mapper-lgpl\1.8.0\jackson-mapper-lgpl-1.8.0.jar;D:\ASOWorkTools\M2_REPO\org\codehaus\jackson\jackson-mrbean\1.8.0\jackson-mrbean-1.8.0.jar;D:\ASOWorkTools\M2_REPO\org\codehaus\jackson\jackson-jaxrs\1.8.0\jackson-jaxrs-1.8.0.jar;D:\ASOWorkTools\M2_REPO\org\codehaus\jackson\jackson-smile\1.8.0\jackson-smile-1.8.0.jar;D:\ASOWorkTools\M2_REPO\org\codehaus\jackson\jackson-xc\1.8.0\jackson-xc-1.8.0.jar;D:\ASOWorkTools\M2_REPO\org\apache\cxf\cxf-rt-frontend-jaxws\3.2.4\cxf-rt-frontend-jaxws-3.2.4.jar;D:\ASOWorkTools\M2_REPO\xml-resolver\xml-resolver\1.2\xml-resolver-1.2.jar;D:\ASOWorkTools\M2_REPO\org\ow2\asm\asm\5.2\asm-5.2.jar;D:\ASOWorkTools\M2_REPO\org\apache\cxf\cxf-rt-bindings-soap\3.2.4\cxf-rt-bindings-soap-3.2.4.jar;D:\ASOWorkTools\M2_REPO\org\apache\cxf\cxf-rt-wsdl\3.2.4\cxf-rt-wsdl-3.2.4.jar;D:\ASOWorkTools\M2_REPO\wsdl4j\wsdl4j\1.6.3\wsdl4j-1.6.3.jar;D:\ASOWorkTools\M2_REPO\org\apache\cxf\cxf-rt-databinding-jaxb\3.2.4\cxf-rt-databinding-jaxb-3.2.4.jar;D:\ASOWorkTools\M2_REPO\org\apache\cxf\cxf-rt-bindings-xml\3.2.4\cxf-rt-bindings-xml-3.2.4.jar;D:\ASOWorkTools\M2_REPO\org\apache\cxf\cxf-rt-frontend-simple\3.2.4\cxf-rt-frontend-simple-3.2.4.jar;D:\ASOWorkTools\M2_REPO\org\apache\cxf\cxf-rt-ws-addr\3.2.4\cxf-rt-ws-addr-3.2.4.jar;D:\ASOWorkTools\M2_REPO\org\apache\cxf\cxf-rt-ws-policy\3.2.4\cxf-rt-ws-policy-3.2.4.jar;D:\ASOWorkTools\M2_REPO\org\apache\neethi\neethi\3.1.1\neethi-3.1.1.jar;D:\ASOWorkTools\M2_REPO\org\apache\cxf\cxf-rt-frontend-jaxrs\3.2.4\cxf-rt-frontend-jaxrs-3.2.4.jar;D:\ASOWorkTools\M2_REPO\javax\annotation\javax.annotation-api\1.3\javax.annotation-api-1.3.jar;D:\ASOWorkTools\M2_REPO\org\apache\cxf\cxf-rt-transports-http\3.2.4\cxf-rt-transports-http-3.2.4.jar;D:\ASOWorkTools\M2_REPO\org\apache\cxf\cxf-rt-rs-extension-search\3.2.4\cxf-rt-rs-extension-search-3.2.4.jar;D:\ASOWorkTools\M2_REPO\org\hibernate\hibernate-entitymanager\5.2.16.Final\hibernate-entitymanager-5.2.16.Final.jar;D:\ASOWorkTools\M2_REPO\org\jboss\logging\jboss-logging\3.3.1.Final\jboss-logging-3.3.1.Final.jar;D:\ASOWorkTools\M2_REPO\org\hibernate\hibernate-core\5.2.16.Final\hibernate-core-5.2.16.Final.jar;D:\ASOWorkTools\M2_REPO\antlr\antlr\2.7.7\antlr-2.7.7.jar;D:\ASOWorkTools\M2_REPO\org\jboss\jandex\2.0.3.Final\jandex-2.0.3.Final.jar;D:\ASOWorkTools\M2_REPO\org\hibernate\common\hibernate-commons-annotations\5.0.1.Final\hibernate-commons-annotations-5.0.1.Final.jar;D:\ASOWorkTools\M2_REPO\org\jboss\spec\javax\transaction\jboss-transaction-api_1.2_spec\1.0.1.Final\jboss-transaction-api_1.2_spec-1.0.1.Final.jar;D:\ASOWorkTools\M2_REPO\org\hibernate\validator\hibernate-validator\6.0.9.Final\hibernate-validator-6.0.9.Final.jar;D:\ASOWorkTools\M2_REPO\com\fasterxml\classmate\1.3.4\classmate-1.3.4.jar;D:\ASOWorkTools\M2_REPO\javax\validation\validation-api\2.0.1.Final\validation-api-2.0.1.Final.jar;D:\ASOWorkTools\M2_REPO\org\glassfish\javax.el\3.0.1-b09\javax.el-3.0.1-b09.jar;"/>
    <property name="java.vm.specification.version" value="1.8"/>
    <property name="sun.arch.data.model" value="64"/>
    <property name="java.home" value="D:\ASOWorkTools\Tools\jdk-8u131-windows-x64\jre"/>
    <property name="sun.java.command" value="S:\Development\SARrc_Projects\pzic\prueba-proposals\target\surefire\surefirebooter1413446642302436887.jar S:\Development\SARrc_Projects\pzic\prueba-proposals\target\surefire\surefire1118781492375993061tmp S:\Development\SARrc_Projects\pzic\prueba-proposals\target\surefire\surefire7102901456796360907tmp"/>
    <property name="java.specification.vendor" value="Oracle Corporation"/>
    <property name="user.language" value="es"/>
    <property name="awt.toolkit" value="sun.awt.windows.WToolkit"/>
    <property name="java.vm.info" value="mixed mode"/>
    <property name="java.version" value="1.8.0_131"/>
    <property name="java.ext.dirs" value="D:\ASOWorkTools\Tools\jdk-8u131-windows-x64\jre\lib\ext;C:\WINDOWS\Sun\Java\lib\ext"/>
    <property name="sun.boot.class.path" value="D:\ASOWorkTools\Tools\jdk-8u131-windows-x64\jre\lib\resources.jar;D:\ASOWorkTools\Tools\jdk-8u131-windows-x64\jre\lib\rt.jar;D:\ASOWorkTools\Tools\jdk-8u131-windows-x64\jre\lib\sunrsasign.jar;D:\ASOWorkTools\Tools\jdk-8u131-windows-x64\jre\lib\jsse.jar;D:\ASOWorkTools\Tools\jdk-8u131-windows-x64\jre\lib\jce.jar;D:\ASOWorkTools\Tools\jdk-8u131-windows-x64\jre\lib\charsets.jar;D:\ASOWorkTools\Tools\jdk-8u131-windows-x64\jre\lib\jfr.jar;D:\ASOWorkTools\Tools\jdk-8u131-windows-x64\jre\classes"/>
    <property name="java.vendor" value="Oracle Corporation"/>
    <property name="localRepository" value="D:\ASOWorkTools\M2_REPO"/>
    <property name="file.separator" value="\"/>
    <property name="java.vendor.url.bug" value="http://bugreport.sun.com/bugreport/"/>
    <property name="sun.cpu.endian" value="little"/>
    <property name="sun.io.unicode.encoding" value="UnicodeLittle"/>
    <property name="sun.desktop" value="windows"/>
    <property name="sun.cpu.isalist" value="amd64"/>
  </properties>
  <testcase classname="com.bbva.pzic.products.proposals.dao.model.ppcutge1_1.TestTransaccionPpcutge1_1" name="test" time="0.014"/>
</testsuite>